1733646727 26.3
1733646728 29.4
1733646729 17.7
1733646730 26.6
1733646731 27
1733646732 26
1733646733 20.5
1733646734 23.5
1733646735 24.7
1733646736 19.9
1733646737 16.9
1733646738 22.7
1733646739 15.4
1733646740 23
1733646741 16.7
1733646742 27
1733646743 22.5
1733646744 15.4
1733646745 25.6
1733646746 28
1733646747 20.7
1733646748 18
1733646749 24.8
1733646750 22.6
1733646751 16.1
1733646752 23.3
1733646753 29.9
1733646754 21.1
1733646755 20.4
1733646756 23
1733646757 24.8
1733646758 16.7
1733646759 22.4
1733646760 27.5
1733646761 18.5
1733646762 24.6
1733646763 23.5
1733646764 24
1733646765 23.3
1733646766 23.4
1733646767 29
1733646768 25.2
1733646769 21.3
1733646770 29.4
1733646771 18.2
1733646772 28.2
1733646773 16.7
1733646774 25.7
1733646775 18.8
1733646776 17.5
1733646777 28.9
1733646778 24.6
1733646779 20.6
1733646780 28.9
1733646781 22.4
1733646782 26.9
1733646783 27.5
1733646784 22.3
1733646785 18
1733646786 23.1
1733646787 20.5
1733646788 18
1733646789 15
1733646790 27.9
1733646791 20.7
1733646792 18.6
1733646793 27.7
1733646794 19.4
1733646795 27.6
1733646796 21
1733646797 18
1733646798 16.8
1733646799 16.2
1733646800 24.3
1733646801 21.5
1733646802 19.4
1733646803 22.6
1733646804 23.2
1733646805 20.3
1733646806 26.4
1733646807 25.7
1733646808 24.5
1733646809 26.2
1733646810 21.5
1733646811 28.6
1733646812 23.8
1733646813 18.4
1733646814 26.1
1733646815 21.4
1733646816 26.7
1733646817 19.2
1733646818 26.9
1733646819 19.9
1733646820 19.3
1733646821 15.1
1733646822 25.7
1733646823 28.1
1733646824 27.8
1733646825 15.1
1733646826 25.7
1733646827 18.9
1733646828 18.2
1733646829 17.8
1733646830 20.1
1733646831 17.7
1733646832 24.3
1733646833 29.8
1733646834 25.3
1733646835 22.7
1733646836 20.1
1733646837 27
1733646838 23.6
1733646839 19.8
1733646840 28.4
1733646841 15.2
1733646842 18.5
1733646843 22.3
1733646844 23.8
1733646845 29.6
1733646846 18.9
1733646847 25.7
1733646848 24.1
1733646849 15.8
1733646850 15.7
1733646851 18.6
1733646852 15.9
1733646853 16.6
1733646854 16.7
1733646855 28.8
1733646856 16.7
1733646857 17.6
1733646858 17.7
1733646859 25.1
1733646860 20.4
1733646861 28
1733646862 27.9
1733646863 29.7
1733646864 27.8
1733646865 28.4
1733646866 27.6
1733646867 23.2
1733646868 15.6
1733646869 21.3
1733646870 18.2
1733646871 19.3
1733646872 26.7
1733646873 21.7
1733646874 16.8
1733646875 20.5
1733646876 26.6
1733646877 20.7
1733646878 21.5
1733646879 20.7
1733646880 21.5
1733646881 27.4
1733646882 29.5
1733646883 22.5
1733646884 29
1733646885 16.2
1733646886 26.5
1733646887 20.9
1733646888 18.8
1733646889 19.4
1733646890 16.1
1733646891 24.3
1733646892 17.4
1733646893 19.2
1733646894 29.2
1733646895 20.5
1733646896 22.8
1733646897 26.9
1733646898 18.9
1733646899 28.7
1733646900 23.4
1733646901 22.1
1733646902 18
1733646903 20.1
1733646904 28.9
1733646905 19.8
1733646906 15.8
1733646907 15.7
1733646908 15.7
1733646909 22.3
1733646910 21.4
1733646911 22.2
1733646912 19.7
1733646913 26.1
1733646914 19.9
1733646915 23.9
1733646916 27.3
1733646917 21.6
1733646918 29.9
1733646919 21.3
1733646920 26
1733646921 21.2
1733646922 20.8
1733646923 28.5
1733646924 15.6
1733646925 25.3
1733646926 24.2
1733646927 23.4
1733646928 27.4
1733646929 28.1
1733646930 22.1
1733646931 20.8
1733646932 20.2
1733646933 15.3
1733646934 16.1
1733646935 24.3
1733646936 25.3
1733646937 16.9
1733646938 25
1733646939 26
1733646940 24.3
1733646941 21.6
1733646942 23.5
1733646943 19.2
1733646944 22.9
1733646945 18.6
1733646946 18.4
1733646947 25.4
1733646948 25.3
1733646949 23.5
1733646950 16.8
1733646951 21.3
1733646952 29.7
1733646953 27.8
1733646954 25
1733646955 20.5
1733646956 28.3
1733646957 19.2
1733646958 19.1
1733646959 25.7
1733646960 22.5
1733646961 16.5
1733646962 21.7
1733646963 18
1733646964 16.8
1733646965 22.8
1733646966 27.3
1733646967 27.2
1733646968 24.8
1733646969 27.6
1733646970 28.4
1733646971 24.3
1733646972 24.4
1733646973 27.1
1733646974 18.7
1733646975 17.4
1733646976 15.8
1733646977 22.1
1733646978 27.8
1733646979 26.1
1733646980 20.8
1733646981 19.8
1733646982 22.6
1733646983 25.7
1733646984 17.7
1733646985 17.7
1733646986 16.2
1733646987 16
1733646988 27.1
1733646989 20.4
1733646990 17
1733646991 19.7
1733646992 21.9
1733646993 23.7
1733646994 22.7
1733646995 28.9
1733646996 16.6
1733646997 25.2
1733646998 26.1
1733646999 16.6
1733647000 22.8
1733647001 29.8
1733647002 25.9
1733647003 22.5
1733647004 26.9
1733647005 29.6
1733647006 24.9
1733647007 17.9
1733647008 27
1733647009 27.9
1733647010 19.2
1733647011 17.8
1733647012 17.8
1733647013 26.9
1733647014 28.6
1733647015 25.7
1733647016 19.8
1733647017 20
1733647018 16.9
1733647019 16.9
1733647020 15.6
1733647021 18.9
1733647022 21.6
1733647023 22.5
1733647024 17.9
1733647025 19.5
1733647026 26.7
1733647027 19.5
1733647028 29.8
1733647029 28
1733647030 21.1
1733647031 27.8
1733647033 27.8
1733647034 22.2
1733647035 20.3
1733647036 15
1733647037 27
1733647038 20.4
1733647039 17.9
1733647040 29.2
1733647041 18.4
1733647042 22.2
1733647043 22.3
1733647044 26.4
1733647045 19.1
1733647046 26.1
1733647047 22.1
1733647048 29.1
1733647049 16.1
1733647050 29.2
1733647051 16
1733647052 16.8
1733647053 18.2
1733647054 27.9
1733647055 29.5
1733647056 21.1
1733647057 22.6
1733647058 26.2
1733647059 15.8
1733647060 22.4
1733647061 24.3
1733647062 27.1
1733647063 20.3
1733647064 27.3
1733647065 19.3
1733647066 15.8
1733647067 27.3
1733647068 21.5
1733647069 21.3
1733647070 15.3
1733647071 20.8
1733647072 29.9
1733647073 22.5
1733647074 28.1
1733647075 26.3
1733647076 16.8
1733647077 24.2
1733647078 23.6
1733647079 15.9
1733647080 15.5
1733647081 22.8
1733647082 22.1
1733647083 22.5
1733647084 16.2
1733647085 25.2
1733647086 22.1
1733647087 27.5
1733647088 17.9
1733647089 23.5
1733647090 18.5
1733647091 15.5
1733647092 23
1733647093 15.6
1733647094 26
1733647095 20.4
1733647096 25.1
1733647097 26.9
1733647098 17.7
1733647099 21.9
1733647100 23.4
1733647101 18
1733647102 27.7
1733647103 28.5
1733647104 15.7
1733647105 16
1733647106 24.8
1733647107 17.5
1733647108 15.4
1733647109 23.6
1733647110 23.6
1733647111 15.9
1733647112 21.6
1733647113 21
1733647114 23.5
1733647115 28.1
1733647116 16.2
1733647117 20.8
1733647118 25.6
1733647119 24.3
1733647120 29.3
1733647121 29.2
1733647122 24.9
1733647123 22.4
1733647124 20
1733647125 20.9
1733647126 18
1733647127 20.4
1733647128 23
1733647129 20.7
1733647130 27.3
1733647131 21.6
1733647132 29
1733647133 25
1733647134 20.1
1733647135 29.7
1733647136 16.2
1733647137 20.1
1733647138 22.5
1733647139 16.6
1733647140 28.7
1733647141 16.1
1733647142 17.5
1733647143 25.6
1733647144 22.1
1733647145 16.2
1733647146 23.7
1733647147 28.6
1733647148 22
1733647149 19.3
1733647150 22.9
1733647151 26.6
1733647152 23.7
1733647153 17.8
1733647154 24.2
1733647155 28.8
1733647156 29
1733647157 17.4
1733647158 19.2
1733647159 27.2
1733647160 23.1
1733647161 16.5
1733647162 18.9
1733647163 22.1
1733647164 16.7
1733647165 24
1733647166 27.1
1733647167 17.9
1733647168 29.2
1733647169 19.6
1733647170 19.5
1733647171 27.9
1733647172 20.7
1733647173 27.2
1733647174 28.7
1733647175 18.1
1733647176 28.5
1733647177 22.4
1733647178 16.7
1733647179 25.7
1733647180 26.8
1733647181 29.8
1733647182 27.5
1733647183 25.7
1733647184 22.9
1733647185 26.9
1733647186 29.7
1733647187 21.9
1733647188 29.3
1733647189 18.9
1733647190 19.1
1733647191 22.5
1733647192 25.6
1733647193 28.2
1733647194 19.8
1733647195 17.5
1733647196 22.3
1733647197 16.9
1733647198 20.4
1733647199 21.5
1733647200 21.5
1733647201 15.1
1733647202 24.6
1733647203 17.5
1733647204 27.4
1733647205 23.4
1733647206 25.8
1733647207 16.1
1733647208 15.8
1733647209 27.5
1733647210 17
1733647211 17.8
1733647212 17.5
1733647213 29.6
1733647214 28.6
1733647215 25.4
1733647216 16.7
1733647217 18.5
1733647218 22.5
1733647219 16.1
1733647220 22.5
1733647221 16.9
1733647222 28.8
1733647223 23.3
1733647224 15.1
1733647225 23.8
1733647226 25.9
1733647227 22.4
1733647228 25.8
1733647229 21.5
1733647230 19.1
1733647231 22.5
1733647232 21.7
1733647233 28.8
1733647234 15.2
1733647235 24.3
1733647236 27.4
1733647237 26
1733647238 25.4
1733647239 18.4
1733647240 28.7
1733647241 17.6
1733647242 21.3
1733647243 16.3
1733647244 17.2
1733647245 25.1
1733647246 16.9
1733647247 24.2
1733647248 28.6
1733647249 24.5
1733647251 25.3
1733647252 26.3
1733647253 16.6
1733647254 29.3
1733647255 24.9
1733647256 16.7
1733647257 23.1
1733647258 26
1733647259 29.4
1733647260 24.1
1733647261 17.5
1733647262 23.7
1733647263 21.9
1733647264 29.4
1733647265 27.7
1733647266 22.1
1733647267 23.7
1733647268 25.1
1733647269 23.4
1733647270 24.3
1733647271 28.6
1733647272 22.1
1733647273 27
1733647274 25.1
1733647275 28.6
1733647276 19.4
1733647277 25.4
1733647278 20.8
1733647279 28.6
1733647280 24
1733647281 15.3
1733647282 29.1
1733647283 25.6
1733647284 22.1
1733647285 28.4
1733647286 20.5
1733647287 29
1733647288 26.8
1733647289 16.5
1733647290 28.4
1733647291 26.1
1733647292 24.2
1733647293 27.4
1733647294 18
1733647295 23.7
1733647296 25.1
1733647297 15.4
1733647298 22.6
1733647299 20.3
1733647300 23.8
1733647301 17
1733647302 24.1
1733647303 21.1
1733647304 19.2
1733647305 19.2
1733647306 25
1733647307 23.6
1733647308 29.6
1733647309 15.8
1733647310 27.5
1733647311 28.8
1733647312 21.3
1733647313 26.6
1733647314 29.6
1733647315 28.4
1733647316 15.3
1733647317 25.3
1733647318 27.4
1733647319 17.3
1733647320 17
1733647321 16.1
1733647322 28.4
1733647323 26.3
1733647324 28.5
1733647325 21.7
1733647326 25.2
1733647327 23.6
1733647328 27.3
1733647329 17.8
1733647330 19.1
1733647331 26.3
1733647332 25
1733647333 28.2
1733647334 17.4
1733647335 29.2
1733647336 22.6
1733647337 17.6
1733647338 28.1
1733647339 27.4
1733647340 18.4
1733647341 25.6
1733647342 26.3
1733647343 24.7
1733647344 27.4
1733647345 25.9
1733647346 28.3
1733647347 17.9
1733647348 21.3
1733647349 16
1733647350 25.4
1733647351 23.3
1733647352 17.1
1733647353 29.1
1733647354 24.8
1733647355 20.8
1733647356 26
1733647357 20
1733647358 19.6
1733647359 23.3
1733647360 28.1
1733647361 23.8
1733647362 19.6
1733647363 23.1
1733647364 27.2
1733647365 27.2
1733647366 27.6
1733647367 25.1
1733647368 29.9
1733647369 25.7
1733647370 22.5
1733647371 23.5
1733647372 26.5
1733647373 18.8
1733647374 18.3
1733647375 29.1
1733647376 20
1733647377 21.8
1733647378 22.3
1733647379 16.5
1733647380 22.8
1733647381 22.9
1733647382 15
1733647383 15.1
1733647384 22
1733647385 24.9
1733647386 20.9
1733647387 18
1733647388 20.1
1733647389 15.8
1733647390 26.3
1733647391 18.2
1733647392 29.8
1733647393 21.1
1733647394 16.6
1733647395 27
1733647396 18.4
1733647397 29.2
1733647398 22.1
1733647399 23.5
1733647400 15.1
1733647401 29.7
1733647402 17
1733647403 26.6
1733647404 23.7
1733647405 25.5
1733647406 15.9
1733647407 18.9
1733647409 17.4
1733647410 23.2
1733647411 20.4
1733647412 15.4
1733647413 16.2
1733647414 20.5
1733647415 15.6
1733647416 28.4
1733647417 20.6
1733647418 26.7
1733647419 21.7
1733647420 25.7
1733647421 27.5
1733647422 18
1733647423 19.2
1733647424 27.3
1733647425 29.4
1733647426 20.8
1733647427 29.6
1733647428 17.8
1733647429 20
1733647430 26.9
1733647431 16.5
1733647432 20.1
1733647433 16.8
1733647434 18.5
1733647435 21.9
1733647436 25.6
1733647437 29.1
1733647438 28
1733647439 29.5
1733647440 16.5
1733647441 26.5
1733647442 25.2
1733647443 16.9
1733647444 17.9
1733647445 20.9
1733647446 22.7
1733647447 16.3
1733647448 26.5
1733647449 24.7
1733647450 23
1733647451 27.4
1733647452 27.4
1733647453 16.3
1733647454 16.6
1733647455 24.8
1733647456 15.7
1733647457 27.6
1733647458 29.6
1733647459 23.7
1733647460 22.8
1733647461 26.5
1733647462 25.2
1733647463 18.1
1733647464 28.4
1733647465 18.9
1733647466 25
1733647467 29.2
1733647468 18
1733647469 28.3
1733647470 18.9
1733647471 24.7
1733647472 24.8
1733647473 29.1
1733647474 16.9
1733647475 27.7
1733647476 20
1733647477 24.6
1733647478 19.2
1733647479 21.7
1733647480 19.3
1733647481 27.3
1733647482 19.2
1733647483 16.8
1733647484 18.8
1733647485 26
1733647486 16.8
1733647487 24.7
1733647488 23.7
1733647489 21.6
1733647490 23.6
1733647491 16.5
1733647492 18.1
1733647493 24
1733647494 19.7
1733647495 21.7
1733647496 27.9
1733647497 19.9
1733647498 20.9
1733647499 16
1733647500 18.2
1733647501 24.9
1733647502 25.7
1733647503 18.2
1733647504 29.2
1733647505 27.6
1733647506 15.9
1733647507 19.3
1733647508 27.5
1733647509 20.2
1733647510 26
1733647511 22
1733647512 22.7
1733647513 20.4
1733647514 29
1733647515 26.5
1733647516 16.5
1733647517 21
1733647518 21.2
1733647519 25.2
1733647520 27.6
1733647521 29.8
1733647522 16.9
1733647523 21
1733647524 23.8
1733647525 26.8
1733647526 27.7
1733647527 21.7
1733647528 16.8
1733647529 23.9
1733647530 27.9
1733647531 25.2
1733647532 24
1733647533 23.7
1733647534 28.5
1733647535 23.2
1733647536 26.5
1733647537 19.6
1733647538 27.5
1733647539 24
1733647540 24.8
1733647541 28.8
1733647542 16.1
1733647543 22.7
1733647544 19.2
1733647545 20.3
1733647546 19.2
1733647547 25.9
1733647548 26.4
1733647549 25.4
1733647550 26.3
1733647551 24
1733647552 15.4
1733647553 28.3
1733647554 15
1733647555 24.2
1733647556 15.3
1733647557 27.8
1733647558 21.2
1733647559 22.3
1733647560 26.9
1733647561 19.1
1733647562 17.6
1733647563 20.9
1733647564 18
1733647565 21.3
1733647566 29.1
1733647567 29.6
1733647568 25.9
1733647569 16.9
1733647570 28.8
1733647571 26
1733647572 20.9
1733647573 29.9
1733647574 18.7
1733647575 15.3
1733647576 20.3
1733647577 28.2
1733647578 26.3
1733647579 21.9
1733647580 23.6
1733647581 22.6
1733647582 15.9
1733647583 29.3
1733647584 26.1
1733647585 16
1733647586 28.7
1733647587 26.5
1733647588 19
1733647589 19.9
1733647590 18.8
1733647591 15.9
1733647592 29.3
1733647593 26.6
1733647594 27
1733647595 22.5
1733647597 17.9
1733647598 26.1
1733647599 22.1
1733647600 19.1
1733647601 18.2
1733647602 26.2
1733647603 20.3
1733647604 24.1
1733647605 26.1
1733647606 24
1733647607 24.5
1733647608 21.6
1733647609 27.4
1733647610 20.8
1733647611 28.5
1733647612 21.1
1733647613 18.6
1733647614 19.7
1733647615 25.6
1733647616 29.8
1733647617 25.9
1733647618 24.3
1733647619 16.5
1733647620 29.9
1733647621 19.5
1733647622 20.3
1733647623 21
1733647624 24
1733647625 17
1733647626 18
1733647627 16.5
1733647628 25.1
1733647629 19.3
1733647630 28.9
1733647631 19.4
1733647632 22.6
1733647633 25.1
1733647634 24.7
1733647635 21.9
1733647636 26.4
1733647637 24
1733647638 16.4
1733647639 23.3
1733647640 21.4
1733647641 27.4
1733647642 27
1733647643 17.7
1733647644 21.3
1733647645 16.7
1733647646 28.3
1733647647 21.1
1733647648 27.6
1733647649 27.9
1733647650 27.8
1733647651 17.7
1733647652 17.4
1733647653 23.3
1733647654 28.9
1733647655 16.6
1733647656 15.5
1733647657 22.1
1733647658 23.3
1733647659 25.7
1733647660 16.7
1733647661 22.2
1733647662 15.1
1733647663 29.5
1733647664 22.5
1733647665 15.1
1733647666 21.4
1733647667 24.2
1733647668 24.1
1733647669 28.1
1733647670 17.5
1733647671 15.5
1733647672 25.5
1733647673 19.7
1733647674 23.5
1733647675 22
1733647676 26.7
1733647677 21.8
1733647678 18.3
1733647679 29.5
1733647680 19.7
1733647681 16.1
1733647682 17.3
1733647683 27.3
1733647684 24.5
1733647685 21.4
1733647686 28.9
1733647687 25
1733647688 28.6
1733647689 27.5
1733647690 25.9
1733647691 20.5
1733647692 19.7
1733647693 16.3
1733647694 20
1733647695 17.5
1733647696 16.4
1733647697 26.4
1733647698 26.7
1733647699 25.5
1733647700 24.5
1733647701 29.2
1733647702 16.2
1733647703 25.3
1733647704 24.1
1733647705 24.7
1733647706 17.3
1733647707 20.8
1733647708 21.8
1733647709 20.7
1733647710 20.4
1733647711 16.7
1733647712 27
1733647713 27.9
1733647714 29.1
1733647715 21.5
1733647716 19.3
1733647717 18.2
1733647718 21.8
1733647719 23.1
1733647720 15.7
1733647721 17.7
1733647722 28.6
1733647723 25.7
1733647724 19
1733647725 18.6
1733647726 28.2
1733647727 20.4
1733647728 20.3
1733647729 24.9
1733647730 21.1
1733647731 20
1733647732 29.3
1733647733 27.6
1733647734 20.5
1733647735 23.4
1733647736 22.3
1733647737 22.9
1733647738 19.5
1733647739 19.3
1733647740 18.8
1733647741 24.9
1733647742 21.1
1733647743 21
1733647744 22.8
1733647745 25.4
1733647746 27.6
1733647747 27.1
1733647748 28.6
1733647749 19.4
1733647750 25.5
1733647751 19.6
1733647752 27.3
1733647753 24.1
1733647754 20.5
1733647755 16.4
1733647756 18
1733647757 18.7
1733647758 27
1733647759 23.3
1733647760 18.8
1733647761 18.2
1733647762 28.3
1733647763 23.3
1733647764 21
1733647765 18.9
1733647766 21.9
1733647767 28.3
1733647768 17
1733647769 26.4
1733647770 17.7
1733647771 26
1733647772 21.3
1733647773 23.8
1733647774 17
1733647775 19.3
1733647776 19.2
1733647777 19.8
1733647778 21.7
1733647779 23
1733647780 24.2
1733647781 17.2
1733647782 17.8
1733647783 26.8
1733647784 16.5
1733647785 23.3
1733647786 18.4
1733647787 19.5
1733647788 17.2
1733647789 15.4
1733647790 27.8
1733647791 26.2
1733647792 23.8
1733647793 16.4
1733647794 19.5
1733647795 29.8
1733647796 20.3
1733647797 26.5
1733647798 18.4
1733647799 27.5
1733647800 28.1
1733647801 21.1
1733647802 23.5
1733647804 24.7
1733647805 20.1
1733647806 25.5
1733647807 29
1733647808 29.5
1733647809 15.4
1733647810 25.9
1733647811 27.7
1733647812 29.8
1733647813 28.1
1733647814 15.6
1733647815 26.6
1733647816 19.9
1733647817 29.1
1733647818 15
1733647819 24.4
1733647820 21.6
1733647821 20.7
1733647822 27.5
1733647823 17.8
1733647824 29.5
1733647825 28.9
1733647826 27.6
1733647827 19.6
1733647828 24.4
1733647829 29.3
1733647830 23
1733647831 21.9
1733647832 27.4
1733647833 19.3
1733647834 20.6
1733647835 22.1
1733647836 24.4
1733647837 16.1
1733647838 26.4
1733647839 29.1
1733647840 21.7
1733647841 22.3
1733647842 17
1733647843 26.8
1733647844 25.7
1733647845 17.6
1733647846 28.6
1733647847 15.6
1733647848 22
1733647849 18.9
1733647850 15.2
1733647851 18.8
1733647852 24.6
1733647853 27.7
1733647854 26.8
1733647855 29.3
1733647856 16.8
1733647857 24.4
1733647858 18.9
1733647859 26.2
1733647860 23.7
1733647861 17.1
1733647862 23.3
1733647863 26.4
1733647864 21.4
1733647865 28.9
1733647866 23.7
1733647867 21
1733647868 20.3
1733647869 20.1
1733647870 20.1
1733647871 27
1733647872 17.7
1733647873 22.2
1733647874 23.8
1733647875 18.6
1733647876 15
1733647877 27.7
1733647878 19.2
1733647879 27.2
1733647880 16.6
1733647881 24.6
1733647882 16
1733647883 26.2
1733647884 22.4
1733647885 27.9
1733647886 15.7
1733647887 24.2
1733647888 27.5
1733647889 19.7
1733647890 25.7
1733647891 26.5
1733647892 21.8
1733647893 19
1733647894 22.9
1733647895 18.5
1733647896 23.2
1733647897 21.8
1733647898 24.5
1733647899 28.5
1733647900 27
1733647901 19.9
1733647902 15.7
1733647903 19.9
1733647904 17.3
1733647905 24.6
1733647906 23.5
1733647907 22.5
1733647908 22.3
1733647909 17.9
1733647910 19.8
1733647911 29.1
1733647912 27.5
1733647913 26
1733647914 25.3
1733647915 25.1
1733647916 29.1
1733647917 26
1733647918 24.6
1733647919 16.9
1733647920 20.9
1733647921 20.3
1733647922 28.4
1733647923 18
1733647924 29.5
1733647925 26.5
1733647926 21.5
1733647927 22.7
1733647928 18.3
1733647929 21.2
1733647930 21.2
1733647931 20.5
1733647932 26.1
1733647933 27.2
1733647934 25.4
1733647935 18.6
1733647936 21.8
1733647937 24.1
1733647938 26.2
1733647939 19.3
1733647940 27
1733647941 21.2
1733647942 18.4
1733647943 29.8
1733647944 22.4
1733647945 18.9
1733647946 24.9
1733647947 21.6
1733647948 20.1
1733647949 19.5
1733647950 23.5
1733647951 16.3
1733647952 15
1733647953 27.1
1733647954 19.3
1733647955 29.6
1733647956 23.6
1733647957 16
1733647958 27.5
1733647959 17.1
1733647960 27.4
1733647961 24
1733647962 22.7
1733647963 28.8
1733647964 21.2
1733647965 23.3
1733647966 17.4
1733647967 18.2
1733647968 22.7
1733647969 28.6
1733647970 27.7
1733647971 24.9
1733647972 25
1733647973 21.3
1733647974 24.7
1733647975 17.5
1733647976 25.2
1733647977 19.7
1733647978 29.3
1733647979 20.5
1733647980 29.4
1733647981 28
1733647982 21.8
1733647983 29.5
1733647984 25.1
1733647985 16.3
1733647987 19.3
1733647988 23.9
1733647989 22.5
1733647990 22
1733647991 26
1733647992 20
1733647993 16
1733647994 23.9
1733647995 18.8
1733647996 22.2
1733647997 22.5
1733647998 21.2
1733647999 15.6
1733648000 15.2
1733648001 25.1
1733648002 28.3
1733648003 25.1
1733648004 20.1
1733648005 19.6
1733648006 25.1
1733648007 27.8
1733648008 20
1733648009 20
1733648010 27.1
1733648011 25.6
1733648012 19.4
1733648013 25.1
1733648014 22.6
1733648015 24.1
1733648016 20.2
1733648017 29.2
1733648018 18.6
1733648019 19.3
1733648020 21.7
1733648021 25.7
1733648022 15.4
1733648023 26.7
1733648024 16.9
1733648025 29.5
1733648026 20.7
1733648027 24.2
1733648028 27.2
1733648029 17.2
1733648030 15
1733648031 27.4
1733648032 27.3
1733648033 28.4
1733648034 27.8
1733648035 22.6
1733648036 23.2
1733648037 22.9
1733648038 20.5
1733648039 18.5
1733648040 27.9
1733648041 22.8
1733648042 29.1
1733648043 22.5
1733648044 18
1733648045 26.9
1733648046 21.9
1733648047 28.4
1733648048 26.1
1733648049 25.5
1733648050 17.8
1733648051 17.9
1733648052 26.4
1733648053 23.4
1733648054 19.8
1733648055 28.4
1733648056 28.1
1733648057 25.6
1733648058 27.8
1733648059 25.4
1733648060 18
1733648061 27.8
1733648062 22.8
1733648063 20.5
1733648064 16.4
1733648065 25.8
1733648066 28.1
1733648067 29.9
1733648068 23.9
1733648069 23.8
1733648070 18.4
1733648071 27
1733648072 21.9
1733648073 22.7
1733648074 19.6
1733648075 24.9
1733648076 19.6
1733648077 16.7
1733648078 23.3
1733648079 21
1733648080 17.4
1733648081 16.3
1733648082 23.9
1733648083 28.9
1733648084 29.9
1733648085 18.9
1733648086 27.3
1733648087 28.1
1733648088 19.7
1733648089 15.3
1733648090 23.5
1733648091 22.7
1733648092 28.1
1733648093 21.5
1733648094 28.2
1733648095 19.8
1733648096 17.4
1733648097 16.6
1733648098 19.7
1733648099 16.5
1733648100 15.6
1733648101 23.1
1733648102 28.6
1733648103 22.5
1733648104 15.8
1733648105 23.4
1733648106 17.4
1733648107 25.6
1733648108 25.1
1733648109 16
1733648110 16.6
1733648111 27.5
1733648112 22.5
1733648113 15.7
1733648114 16.6
1733648115 22.5
1733648116 19.7
1733648117 19.1
1733648118 20.6
1733648119 24.4
1733648120 19.4
1733648121 19.3
1733648122 22.4
1733648123 22.8
1733648124 25.8
1733648125 20.6
1733648126 27.6
1733648127 18.4
1733648128 27.4
1733648129 22.5
1733648130 20
1733648131 28.1
1733648132 20.8
1733648133 18.6
1733648134 20.6
1733648135 21.6
1733648136 17.2
1733648137 28.3
1733648138 22.4
1733648139 17.5
1733648140 19.5
1733648141 24.1
1733648142 20.2
1733648143 17.2
1733648144 15
1733648145 21.9
1733648146 24.7
1733648147 19.7
1733648148 16.2
1733648149 20.5
1733648150 19.4
1733648151 20.7
1733648152 24.8
1733648153 26.8
1733648154 28.5
1733648155 20.7
1733648156 22.6
1733648157 16.3
1733648158 29.3
1733648159 20.1
1733648160 29
1733648161 19.3
1733648163 23.4
1733648164 19.8
1733648165 28.1
1733648166 29
1733648167 26.4
1733648168 20.5
1733648169 17.5
1733648170 24
1733648171 23
1733648172 27.2
1733648173 23.3
1733648174 28.3
1733648175 29.5
1733648176 23.4
1733648177 25.4
1733648178 24.2
1733648179 28.1
1733648180 26.6
1733648181 29.8
1733648182 22.7
1733648183 17.3
1733648184 29.8
1733648185 19.5
1733648186 21
1733648187 25.7
1733648188 17.4
1733648189 27.5
1733648190 25.1
1733648191 22.5
1733648192 26.5
1733648193 19.6
1733648194 15.9
1733648195 16.3
1733648196 17.8
1733648197 20.1
1733648198 17.9
1733648199 28.5
1733648200 27.9
1733648201 27
1733648202 21.6
1733648203 25.1
1733648204 20.3
1733648205 19.9
1733648206 29.8
1733648207 28.7
1733648208 20.5
1733648209 24.1
1733648210 17.1
1733648211 17.1
1733648212 29.1
1733648213 24.8
1733648214 24.7
1733648215 19.1
1733648216 19.6
1733648217 15.7
1733648218 29.9
1733648219 22
1733648220 18.5
1733648221 25
1733648222 19.7
1733648223 15
1733648224 29.6
1733648225 25.8
1733648226 21.6
1733648227 22.6
1733648228 21.1
1733648229 24.5
1733648230 21.2
1733648231 19
1733648232 26.7
1733648233 27.8
1733648234 19.4
1733648235 22.3
1733648236 22.9
1733648237 19.2
1733648238 26.2
1733648239 28.4
1733648240 18.5
1733648241 28.3
1733648242 20.7
1733648243 22.8
1733648244 28.4
1733648245 15.4
1733648246 27
1733648247 18
1733648248 16.2
1733648249 26.9
1733648250 15.2
1733648251 24.9
1733648252 27.1
1733648253 25.1
1733648254 24.9
1733648255 16.9
1733648256 20.9
1733648257 16.5
1733648258 24.6
1733648259 27
1733648260 16.3
1733648261 21
1733648262 21.3
1733648263 28
1733648264 24
1733648265 15.9
1733648266 20.3
1733648267 16.9
1733648268 20.1
1733648269 16.6
1733648270 20.5
1733648271 28.9
1733648272 20.1
1733648273 26.2
1733648274 21.7
1733648275 18.5
1733648276 26.7
1733648277 23.9
1733648278 26.7
1733648279 18.1
1733648280 26
1733648281 17.1
1733648282 18.2
1733648283 23.1
1733648284 27.2
1733648285 28.1
1733648286 25.1
1733648287 23.3
1733648288 19.9
1733648289 24.9
1733648290 25.6
1733648291 21.2
1733648292 15.9
1733648293 16.9
1733648294 24.4
1733648295 24.9
1733648296 23
1733648297 20
1733648298 17
1733648299 28.1
1733648300 21.6
1733648301 27.7
1733648302 17.2
1733648303 16.9
1733648304 29.1
1733648305 24
1733648306 25.7
1733648307 16
1733648308 23.1
1733648309 27.6
1733648310 24.3
1733648311 19.2
1733648312 29.8
1733648313 27.5
1733648314 27.3
1733648315 17.2
1733648316 15.9
1733648317 27.6
1733648318 25.6
1733648319 20.8
1733648320 27.7
1733648321 21.2
1733648322 17.2
1733648323 28.6
1733648324 28.3
1733648325 26.6
1733648326 28.7
1733648327 26.5
1733648328 21.8
1733648329 20.9
1733648330 24.6
1733648331 28.4
1733648332 23.8
1733648333 17.1
1733648334 20.6
1733648335 23
1733648336 16.3
1733648337 16.3
1733648338 29.2
1733648339 24.4
1733648340 28.9
1733648341 23.6
1733648342 28.6
1733648343 28.7
1733648344 21.1
1733648345 16.2
1733648346 21.2
1733648347 22
1733648348 19
1733648349 16.8
1733648350 18
1733648351 16.8
1733648353 28.2
1733648354 25.4
1733648355 20.6
1733648356 16.7
1733648357 27.3
1733648358 24.6
1733648359 28.2
1733648360 19.1
1733648361 20.7
1733648362 28
1733648363 17.6
1733648364 29.6
1733648365 15.1
1733648366 28.4
1733648367 27.8
1733648368 21.6
1733648369 29.7
1733648370 27
1733648371 16.1
1733648372 28.6
1733648373 20.6
1733648374 29.7
1733648375 17.6
1733648376 17
1733648377 21.1
1733648378 23.8
1733648379 29.2
1733648380 25.2
1733648381 15.8
1733648382 17.3
1733648383 17.2
1733648384 19.2
1733648385 17.9
1733648386 28
1733648387 26.1
1733648388 15.2
1733648389 22.6
1733648390 29.5
1733648391 19.4
1733648392 28.4
1733648393 27.5
1733648394 27.2
1733648395 18.2
1733648396 17.9
1733648397 25.6
1733648398 16
1733648399 29.7
1733648400 25.3
1733648401 28
1733648402 15.8
1733648403 29.1
1733648404 23.9
1733648405 20.8
1733648406 21.9
1733648407 25.9
1733648408 26.9
1733648409 20.9
1733648410 15.3
1733648411 27.3
1733648412 26.9
1733648413 22.8
1733648414 19.7
1733648415 16.1
1733648416 25.8
1733648417 17.8
1733648418 17.4
1733648419 26
1733648420 25.4
1733648421 16.9
1733648422 15.4
1733648423 29
1733648424 19.7
1733648425 27.6
1733648426 17.2
1733648427 27.8
1733648428 28.4
1733648429 18.2
1733648430 27.5
1733648431 23.7
1733648432 21.5
1733648433 28.4
1733648434 28.1
1733648435 15.4
1733648436 19.2
1733648437 20
1733648438 16.5
1733648439 21.3
1733648440 26
1733648441 22
1733648442 23.9
1733648443 22.9
1733648444 29.9
1733648445 28.6
1733648446 29.3
1733648447 25.7
1733648448 21.6
1733648449 16.7
1733648450 26.9
1733648451 17.1
1733648452 18.7
1733648453 27.4
1733648454 21.3
1733648455 23.4
1733648456 15.2
1733648457 28.8
1733648458 26.4
1733648459 28.7
1733648460 22.2
1733648461 23.9
1733648462 27.6
1733648463 28.7
1733648464 22.3
1733648465 25.7
1733648466 19.3
1733648467 16.7
1733648468 21
1733648469 26
1733648470 28.3
1733648471 17
1733648472 18.1
1733648473 22.2
1733648474 15.1
1733648475 18
1733648476 26
1733648477 19.6
1733648478 18.9
1733648479 17.7
1733648480 21.4
1733648481 15.8
1733648482 25
1733648483 15.3
1733648484 18.4
1733648485 21.5
1733648486 28.9
1733648487 18.7
1733648488 20.3
1733648489 25.3
1733648490 22.6
1733648491 27.6
1733648492 24.4
1733648493 20.2
1733648494 16.5
1733648495 22
1733648496 16
1733648497 20.9
1733648498 23.7
1733648499 27.2
1733648500 16.9
1733648501 27.2
1733648502 19.4
1733648503 25.2
1733648504 24.6
1733648505 19.5
1733648506 28.2
1733648507 25.9
1733648508 29.4
1733648509 17.1
1733648510 28.6
1733648511 26
1733648512 23.2
1733648513 28.8
1733648514 26.3
1733648515 26.6
1733648516 20.3
1733648517 15.4
1733648518 20.5
1733648519 25.7
1733648520 15.9
1733648521 28.1
1733648522 28.5
1733648523 25.3
1733648524 18.4
1733648525 15
1733648526 17.3
1733648527 24.6
1733648528 20.9
1733648529 16.3
1733648530 27
1733648531 28.1
1733648532 18.7
1733648533 16.4
1733648534 23.3
1733648535 28.4
1733648536 20.9
1733648537 21.6
1733648539 24.3
1733648540 25.5
1733648541 28.9
1733648542 28.1
1733648543 21.5
1733648544 27.3
1733648545 26.9
1733648546 23
1733648547 24
1733648548 17.2
1733648549 23.4
1733648550 19.7
1733648551 18.1
1733648552 29.5
1733648553 17.9
1733648554 16.6
1733648555 24.9
1733648556 26.5
1733648557 16.7
1733648558 17.4
1733648559 26.3
1733648560 27.8
1733648561 23.9
1733648562 23.3
1733648563 25.9
1733648564 27.7
1733648565 24.7
1733648566 19.3
1733648567 26.1
1733648568 20.8
1733648569 16.1
1733648570 25.6
1733648571 16.4
1733648572 20.2
1733648573 23.7
1733648574 28.1
1733648575 17.6
1733648576 25.8
1733648577 21.2
1733648578 16.8
1733648579 18.2
1733648580 19.8
1733648581 21.5
1733648582 21.4
1733648583 19.4
1733648584 29.6
1733648585 28.2
1733648586 29.3
1733648587 16.3
1733648588 20.1
1733648589 21.9
1733648590 27.6
1733648591 18
1733648592 15.9
1733648593 26.1
1733648594 28.9
1733648595 18.8
1733648596 20.8
1733648597 23.4
1733648598 29.9
1733648599 16.9
1733648600 29.7
1733648601 15.7
1733648602 23.5
1733648603 20
1733648604 29.6
1733648605 21.6
1733648606 27.8
1733648607 25.4
1733648608 18
1733648609 19.8
1733648610 28.6
1733648611 22.9
1733648612 16.5
1733648613 25.2
1733648614 27.3
1733648615 16.2
1733648616 28.7
1733648617 16.8
1733648618 22.7
1733648619 18.8
1733648620 23.7
1733648621 20.4
1733648622 21.8
1733648623 29.8
1733648624 21.7
1733648625 26
1733648626 18.6
1733648627 27.6
1733648628 19.4
1733648629 23.7
1733648630 19.7
1733648631 24.4
1733648632 29.6
1733648633 18.4
1733648634 19.6
1733648635 29.2
1733648636 25
1733648637 22.6
1733648638 24.6
1733648639 28.1
1733648640 27.4
1733648641 28.5
1733648642 26.2
1733648643 28.9
1733648644 28.9
1733648645 23.5
1733648646 20.3
1733648647 27.6
1733648648 15.5
1733648649 28.1
1733648650 16.5
1733648651 29.4
1733648652 23.7
1733648653 28.5
1733648654 29.3
1733648655 15.4
1733648656 24.5
1733648657 23.1
1733648658 18.2
1733648659 19.2
1733648660 22.1
1733648661 28.1
1733648662 28.6
1733648663 21.7
1733648664 16.5
1733648665 18.2
1733648666 21
1733648667 16.8
1733648668 25.8
1733648669 20.8
1733648670 20.1
1733648671 28.4
1733648672 24.5
1733648673 16.3
1733648674 17.5
1733648675 23.5
1733648676 15
1733648677 28.1
1733648678 26.3
1733648679 15.5
1733648680 16.4
1733648681 27.8
1733648682 29.9
1733648683 15.3
1733648684 16.6
1733648685 19.4
1733648686 15.7
1733648687 26.1
1733648688 27.6
1733648689 24.2
1733648690 15.3
1733648691 24.9
1733648692 22.3
1733648693 19.1
1733648694 16.6
1733648695 29.1
1733648696 27.5
1733648697 27.8
1733648698 15.9
1733648699 28.5
1733648700 23.9
1733648701 21
1733648702 26.9
1733648703 18.4
1733648704 22.3
1733648705 19.7
1733648706 17.1
1733648707 22.3
1733648708 17.8
1733648709 28.5
1733648710 22.8
1733648711 19.2
1733648712 16.5
1733648713 27.9
1733648714 19.5
1733648715 18.1
1733648716 17.4
1733648717 25.4
1733648718 19.5
1733648719 20.2
1733648720 24.8
1733648721 25
1733648722 20.3
1733648723 17.2
1733648724 29.2
1733648725 21.9
1733648726 16.3
1733648727 16.9
1733648728 25
1733648729 22.4
1733648730 15.5
1733648731 18.9
1733648732 28.4
1733648733 17.6
1733648734 27.5
1733648735 25.9
1733648736 22.3
1733648737 29.7
1733648738 18.2
1733648739 25.1
1733648740 18.4
1733648741 16.2
1733648742 19.5
1733648743 25.1
1733648744 19.3
1733648745 29.2
1733648746 28.3
1733648747 26.9
1733648748 24.7
1733648749 17.8
1733648750 17.1
1733648751 19.5
1733648752 18
1733648753 27.6
1733648754 26.9
1733648755 22.4
1733648756 19.6
1733648757 18.4
1733648758 24.4
1733648759 19.8
1733648760 25.8
1733648761 24.9
1733648762 28.9
1733648763 24.2
1733648764 17.7
1733648765 26.4
1733648766 20.1
1733648767 25.1
1733648768 16.3
1733648769 28.5
1733648770 25.4
1733648771 19.7
1733648772 19.9
1733648773 20.2
1733648774 29.9
1733648775 24.3
1733648776 19.4
1733648777 18.4
1733648778 21.2
1733648779 29.1
1733648780 26.4
1733648781 28.6
1733648782 23.9
1733648783 29.4
1733648784 26.2
1733648785 26
1733648786 21.9
1733648787 21
1733648788 29.5
1733648789 16.3
1733648790 16
1733648791 15.5
1733648792 16.4
1733648793 29.9
1733648794 24.8
1733648795 24.3
1733648796 26.4
1733648797 20.1
1733648798 19.4
1733648799 27.7
1733648800 23.9
1733648801 20.1
1733648802 22.7
1733648803 19
1733648804 25.3
1733648805 27.8
1733648806 28.3
1733648807 29.7
1733648808 16.2
1733648809 24.8
1733648810 19.1
1733648811 27.6
1733648812 28.6
1733648813 18.2
1733648814 17.2
1733648815 15
1733648816 29.2
1733648817 24.1
1733648818 26.3
1733648819 18.9
1733648820 15.6
1733648821 27.3
1733648822 19.5
1733648823 22.2
1733648824 27.3
1733648825 19.5
1733648826 16.6
1733648827 28.9
1733648828 24.6
1733648829 26.2
1733648830 16.8
1733648831 23.7
1733648832 16.3
1733648833 24.5
1733648834 27.8
1733648835 26.6
1733648836 27.5
1733648837 16.3
1733648838 16.6
1733648839 28.7
1733648840 16.3
1733648841 20.7
1733648842 16.5
1733648843 20.1
1733648844 23.9
1733648845 18.8
1733648846 20.2
1733648847 28.3
1733648848 18.1
1733648849 16.5
1733648850 17.3
1733648851 18.8
1733648852 19
1733648853 21.8
1733648854 16.2
1733648855 21.5
1733648856 26.3
1733648857 17.8
1733648858 20.4
1733648859 26.1
1733648860 29.1
1733648862 27.5
1733648863 25.1
1733648864 20.6
1733648865 27.2
1733648866 28.1
1733648867 17.3
1733648868 24.8
1733648869 29.4
1733648870 24.1
1733648871 23.5
1733648872 21
1733648873 29.8
1733648874 15.3
1733648875 26.1
1733648876 28.9
1733648877 19.1
1733648878 16.3
1733648879 17.4
1733648880 22.2
1733648881 23
1733648882 19.7
1733648883 16.2
1733648884 17.3
1733648885 26.5
1733648886 17.5
1733648887 23.8
1733648888 28
1733648889 25.5
1733648890 19.5
1733648891 24.2
1733648892 29.8
1733648893 22.2
1733648894 24.5
1733648895 20.5
1733648896 19.4
1733648897 22.6
1733648898 28
1733648899 29.2
1733648900 22
1733648901 22.1
1733648902 28
1733648903 28
1733648904 27.1
1733648905 28.3
1733648906 29.4
1733648907 16.2
1733648908 17.4
1733648909 15.7
1733648910 18.6
1733648911 29.8
1733648912 29
1733648913 23.4
1733648914 21.3
1733648915 16.3
1733648916 25.1
1733648917 29
1733648918 15.3
1733648919 23.2
1733648920 24.5
1733648921 25
1733648922 22.6
1733648923 29.6
1733648924 17.2
1733648925 17.1
1733648926 20.1
1733648927 21.7
1733648928 24.7
1733648929 18.1
1733648930 20.9
1733648931 21.9
1733648932 15.4
1733648933 24.1
1733648934 25.2
1733648935 27.5
1733648936 22.4
1733648937 24.6
1733648938 28.7
1733648939 15
1733648940 15.5
1733648941 22.5
1733648942 29.9
1733648943 19.7
1733648944 15.9
1733648945 26.4
1733648946 26.2
1733648947 16.3
1733648948 25.4
1733648949 26.6
1733648950 24.5
1733648951 25.1
1733648952 21.6
1733648953 22.3
1733648954 24.7
1733648955 29.1
1733648956 29.6
1733648957 29.8
1733648958 20.8
1733648959 29.5
1733648960 23.1
1733648961 16.9
1733648962 26.6
1733648963 28.7
1733648964 26.1
1733648965 21.8
1733648966 16.4
1733648967 18.5
1733648968 21.6
1733648969 15.1
1733648970 23.8
1733648971 27.4
1733648972 27.9
1733648973 28.9
1733648974 17.1
1733648975 28.8
1733648976 25.3
1733648977 18.6
1733648978 15.1
1733648979 20.7
1733648980 15.2
1733648981 29.8
1733648982 15.8
1733648983 27
1733648984 27.3
1733648985 25.6
1733648986 26.1
1733648987 17.1
1733648988 15.6
1733648989 22.1
1733648990 16.6
1733648991 29
1733648992 24.1
1733648993 28.3
1733648994 27.7
1733648995 25.4
1733648996 25.3
1733648997 29.2
1733648998 19.1
1733648999 17
1733649000 19.5
1733649001 27.9
1733649002 19.6
1733649003 17.4
1733649004 26.8
1733649005 26.9
1733649006 21.5
1733649007 22.1
1733649008 15.5
1733649009 26.8
1733649010 18
1733649011 20.9
1733649012 26.7
1733649013 18.9
1733649014 18
1733649015 29.2
1733649016 19.7
1733649017 19.3
1733649018 16.4
1733649019 25.5
1733649020 16.7
1733649021 18
1733649022 24.5
1733649023 16
1733649024 21.5
1733649025 27.5
1733649026 26.4
1733649027 16.9
1733649028 16.9
1733649029 15.5
1733649030 24.1
1733649031 21.4
1733649032 28.5
1733649033 28.7
1733649034 29.1
1733649035 25.3
1733649036 25.6
1733649037 20.6
1733649038 22.7
1733649039 16.4
1733649040 17.4
1733649041 25.7
1733649042 22.3
1733649043 19.3
1733649044 19.8
1733649045 15.5
1733649046 18.6
1733649047 24.5
1733649048 25.1
1733649049 25.2
1733649050 25.3
1733649051 26.8
1733649052 28.2
1733649053 25
1733649054 27.8
1733649055 25
1733649056 22.5
1733649057 24.2
1733649058 26.9
1733649059 24.4
1733649060 29.9
1733649061 26.2
1733649062 21.1
1733649063 28.4
1733649064 15.1
1733649065 25.4
1733649066 29
1733649067 15.9
1733649068 16
1733649069 21.7
1733649070 17.3
1733649071 23.6
1733649072 22.6
1733649073 24.7
1733649074 18.2
1733649075 27.5
1733649076 15.4
1733649077 27
1733649078 27.2
1733649079 25.5
1733649080 22.2
1733649081 22.5
1733649082 27.5
1733649083 25.6
1733649084 17.6
1733649085 25.3
1733649086 20.6
1733649087 15.3
1733649088 24.7
1733649089 22.7
1733649090 24.8
1733649091 29.9
1733649092 18.9
1733649093 21.1
1733649094 18.5
1733649095 19
1733649096 16.5
1733649097 17.5
1733649098 25.2
1733649099 22.7
1733649100 29.4
1733649101 27.5
1733649102 21.5
1733649103 22.1
1733649104 27.4
1733649105 29.9
1733649106 24.8
1733649107 27.9
1733649108 26.9
1733649109 22
1733649110 23.4
1733649111 24.3
1733649113 29.6
1733649114 21
1733649115 25.2
1733649116 22.4
1733649117 21.5
1733649118 15.8
1733649119 22.7
1733649120 16.3
1733649121 28.8
1733649122 22.7
1733649123 21.4
1733649124 22.9
1733649125 19
1733649126 24.9
1733649127 17.2
1733649128 20.5
1733649129 27.5
1733649130 27.4
1733649131 18.4
1733649132 17.1
1733649133 24.9
1733649134 15.2
1733649135 29.4
1733649136 22.4
1733649137 15.1
1733649138 24.2
1733649139 20.3
1733649140 17.3
1733649141 21.5
1733649142 18.9
1733649143 26.6
1733649144 21.1
1733649145 24.9
1733649146 21.8
1733649147 18.7
1733649148 21.7
1733649149 27.9
1733649150 16.6
1733649151 28.2
1733649152 26.7
1733649153 24.4
1733649154 19.6
1733649155 24.8
1733649156 18.6
1733649157 29.5
1733649158 27
1733649159 29.4
1733649160 17.2
1733649161 24.4
1733649162 17.8
1733649163 19.4
1733649164 24.6
1733649165 18
1733649166 24
1733649167 17
1733649168 23.4
1733649169 18.3
1733649170 27.5
1733649171 25.7
1733649172 24.8
1733649173 16.4
1733649174 22.3
1733649175 21.1
1733649176 16.6
1733649177 19.4
1733649178 15
1733649179 23.3
1733649180 17.3
1733649181 16.6
1733649182 21.5
1733649183 19.2
1733649184 16.2
1733649185 16.3
1733649186 29
1733649187 19.9
1733649188 15.8
1733649189 16.3
1733649190 19.3
1733649191 18.1
1733649192 15.9
1733649193 27.3
1733649194 22.5
1733649195 25.5
1733649196 20.6
1733649197 21.7
1733649198 17.7
1733649199 29
1733649200 25
1733649201 15.2
1733649202 24.7
1733649203 25
1733649204 21.9
1733649205 22.2
1733649206 21.3
1733649207 28.7
1733649208 26.6
1733649209 26.5
1733649210 22
1733649211 19.1
1733649212 28.2
1733649213 18.7
1733649214 23.3
1733649215 19.6
1733649216 20
1733649217 27.6
1733649218 24.5
1733649219 26
1733649220 19.1
1733649221 19
1733649222 29.1
1733649223 20
1733649224 16.4
1733649225 26.8
1733649226 15.6
1733649227 22
1733649228 18.6
1733649229 18.3
1733649230 21
1733649231 18.8
1733649232 23.8
1733649233 20.9
1733649234 19.1
1733649235 20.9
1733649236 28.1
1733649237 15.6
1733649238 19.6
1733649239 15
1733649240 27.2
1733649241 16.8
1733649242 19.1
1733649243 15.6
1733649244 25.7
1733649245 17.7
1733649246 20.2
1733649247 15.7
1733649248 20.5
1733649249 20
1733649250 16.9
1733649251 24.6
1733649252 24
1733649253 16.1
1733649254 29.6
1733649255 15.6
1733649256 27.9
1733649257 20.4
1733649258 22.6
1733649259 21.7
1733649260 29
1733649261 18.8
1733649262 25.6
1733649263 22.8
1733649264 29.9
1733649265 19.9
1733649266 28.7
1733649267 18.3
1733649268 20.5
1733649269 18.3
1733649270 18.3
1733649271 22.9
1733649272 25.3
1733649273 22.4
1733649275 23.5
1733649276 21
1733649277 25.1
1733649278 19
1733649279 26.9
1733649280 20.8
1733649281 29.2
1733649282 28.8
1733649283 15.4
1733649284 23.2
1733649285 29.9
1733649286 20.3
1733649287 23.9
1733649288 18.1
1733649289 25.7
1733649290 21.7
1733649291 15
1733649292 24.7
1733649293 15.8
1733649294 15.8
1733649295 17.5
1733649296 20.9
1733649297 20.7
1733649298 21.4
1733649299 24.2
1733649300 26.3
1733649301 29.9
1733649302 27.5
1733649303 24.4
1733649304 25.2
1733649305 25.2
1733649306 18
1733649307 21.4
1733649308 25.5
1733649309 27.2
1733649310 18.3
1733649311 16.4
1733649312 26.4
1733649313 22.4
1733649314 16.8
1733649315 24.8
1733649316 27.5
1733649317 22.1
1733649318 23.9
1733649319 20.8
1733649320 23.1
1733649321 20.9
1733649322 20.9
1733649323 17.8
1733649324 21.7
1733649325 21.7
1733649326 25.6
1733649327 17.8
1733649328 27.5
1733649329 17
1733649330 27.1
1733649331 29
1733649332 22.2
1733649333 29.8
1733649334 23.4
1733649335 22.6
1733649336 25
1733649337 16.6
1733649338 29.1
1733649339 20.6
1733649340 28.8
1733649341 22.6
1733649342 27.2
1733649343 15.4
1733649344 15
1733649345 19.2
1733649346 25.3
1733649347 27.6
1733649348 26.4
1733649349 19.2
1733649350 18.4
1733649351 24.7
1733649352 25.1
1733649353 24.3
1733649354 27.5
1733649355 22
1733649356 16.1
1733649357 23.1
1733649358 24.9
1733649359 18.8
1733649360 15.4
1733649361 27.2
1733649362 17.8
1733649363 22.6
1733649364 27
1733649365 16.4
1733649366 20.4
1733649367 22.1
1733649368 18.1
1733649369 19.5
1733649370 17.9
1733649371 22.1
1733649372 27.2
1733649373 15.1
1733649374 27.8
1733649375 27.2
1733649376 19.3
1733649377 23.1
1733649378 15
1733649379 20.9
1733649380 17.5
1733649381 18.5
1733649382 20.8
1733649383 17.9
1733649384 18
1733649385 18.4
1733649386 15.1
1733649387 24.3
1733649388 16.7
1733649389 15.2
1733649390 28.1
1733649391 22.3
1733649392 27.4
1733649393 21.1
1733649394 20.1
1733649395 24.5
1733649396 22.6
1733649397 25.6
1733649398 21.8
1733649399 15.9
1733649400 15.1
1733649401 29.9
1733649402 23
1733649403 17.5
1733649404 20.2
1733649405 26
1733649406 20
1733649407 24.5
1733649408 24.3
1733649409 20
1733649410 20.7
1733649411 26.9
1733649412 23.5
1733649413 26.5
1733649414 20
1733649415 16.8
1733649416 20.1
1733649417 25.3
1733649418 26.1
1733649419 27.1
1733649420 25.6
1733649421 24.3
1733649422 19.4
1733649423 28.2
1733649424 15.4
1733649425 24.6
1733649426 27.9
1733649427 28.2
1733649428 20.2
1733649429 19.7
1733649430 29.1
1733649431 25.5
1733649432 24.8
1733649433 27.4
1733649434 28.1
1733649435 15
1733649436 23.4
1733649437 18.1
1733649438 29.8
1733649439 17.8
1733649440 23.1
1733649442 25.7
1733649443 19.9
1733649444 21.9
1733649445 27.4
1733649446 24.9
1733649447 23.7
1733649448 17.6
1733649449 20.2
1733649450 19.8
1733649451 29.7
1733649452 21
1733649453 19.3
1733649454 19.1
1733649455 19.3
1733649456 25
1733649457 18.9
1733649458 22.4
1733649459 23.2
1733649460 24.1
1733649461 17.4
1733649462 22.4
1733649463 19.7
1733649464 27.2
1733649465 19.8
1733649466 23
1733649467 27.3
1733649468 18.4
1733649469 26.1
1733649470 27.1
1733649471 21.2
1733649472 24.4
1733649473 22.8
1733649474 26.1
1733649475 21.5
1733649476 25.4
1733649477 26.2
1733649478 20.4
1733649479 28
1733649480 21.7
1733649481 15.5
1733649482 17.9
1733649483 17.9
1733649484 19.8
1733649485 27.3
1733649486 27.4
1733649487 29.8
1733649488 16.2
1733649489 19.9
1733649490 23.1
1733649491 15.6
1733649492 22.3
1733649493 20.7
1733649494 25.5
1733649495 19.5
1733649496 25.5
1733649497 18.5
1733649498 22
1733649499 28.9
1733649500 19.8
1733649501 19.1
1733649502 25.4
1733649503 19.4
1733649504 17.1
1733649505 26.7
1733649506 16.2
1733649507 27.6
1733649508 28.2
1733649509 21.6
1733649510 15.8
1733649511 19.9
1733649512 22.1
1733649513 24
1733649514 22.8
1733649515 17.2
1733649516 21.3
1733649517 25.5
1733649518 17
1733649519 27.7
1733649520 15.4
1733649521 15.3
1733649522 18.5
1733649523 22.7
1733649524 21
1733649525 29
1733649526 17.4
1733649527 21.7
1733649528 22.7
1733649529 24.5
1733649530 25.9
1733649531 17.7
1733649532 28.6
1733649533 21.3
1733649534 22.2
1733649535 21
1733649536 23.2
1733649537 23.4
1733649538 23.8
1733649539 21.4
1733649540 20.2
1733649541 24.6
1733649542 16.5
1733649543 27.4
1733649544 18.6
1733649545 29.6
1733649546 29.6
1733649547 15.1
1733649548 25.1
1733649549 21.8
1733649550 18.1
1733649551 25.5
1733649552 22.2
1733649553 21.6
1733649554 23.4
1733649555 18.4
1733649556 20.7
1733649557 25.8
1733649558 25.2
1733649559 18.6
1733649560 20.3
1733649561 21.1
1733649562 21.4
1733649563 24.2
1733649564 17.6
1733649565 18.8
1733649566 20.4
1733649567 25.8
1733649568 17.4
1733649569 29.2
1733649570 22.5
1733649571 22.6
1733649572 29
1733649573 24
1733649574 25.2
1733649575 22.9
1733649576 23.6
1733649577 15
1733649578 23
1733649579 18.7
1733649580 21.9
1733649581 26.1
1733649582 19.4
1733649583 19.3
1733649584 23
1733649585 27.8
1733649586 22.7
1733649587 18.9
1733649588 23.7
1733649589 23.1
1733649590 22.5
1733649591 19.2
1733649592 19.4
1733649593 28.9
1733649594 28.4
1733649595 22
1733649596 22.9
1733649598 18.8
1733649599 23.1
1733649600 25.3
1733649601 18
1733649602 15.6
1733649603 18
1733649604 22.3
1733649605 29.8
1733649606 28.2
1733649607 15.2
1733649608 23.5
1733649609 28.3
1733649610 23.2
1733649611 17.4
1733649612 25.4
1733649613 24.6
1733649614 21.9
1733649615 19.9
1733649616 22.8
1733649617 19.7
1733649618 17.8
1733649619 26.7
1733649620 18.6
1733649621 26
1733649622 19.2
1733649623 22.9
1733649624 20.6
1733649625 23.4
1733649626 26.5
1733649627 17.9
1733649628 16.3
1733649629 20.6
1733649630 26
1733649631 26.7
1733649632 28.8
1733649633 16.8
1733649634 19.9
1733649635 21.1
1733649636 16.6
1733649637 23.3
1733649638 21.3
1733649639 15.3
1733649640 26.8
1733649641 19.8
1733649642 17.8
1733649643 27.4
1733649644 19.6
1733649645 24.7
1733649646 17.3
1733649647 27.4
1733649648 19.6
1733649649 20.2
1733649650 24.1
1733649651 28.5
1733649652 21.4
1733649653 18.5
1733649654 26.6
1733649655 17.2
1733649656 26.9
1733649657 23.1
1733649658 20.1
1733649659 18.5
1733649660 18.9
1733649661 16.1
1733649662 20.4
1733649663 17.8
1733649664 23.1
1733649665 25.3
1733649666 23.9
1733649667 24.8
1733649668 18.6
1733649669 15.3
1733649670 25.1
1733649671 15.5
1733649672 20.1
1733649673 18.1
1733649674 18.1
1733649675 24.7
1733649676 18
1733649677 20.5
1733649678 27.3
1733649679 27.9
1733649680 15.9
1733649681 21.4
1733649682 26.4
1733649683 27.5
1733649684 24.9
1733649685 23
1733649686 29.7
1733649687 27.1
1733649688 21.3
1733649689 19.9
1733649690 15.6
1733649691 25.3
1733649692 26.2
1733649693 21
1733649694 28.1
1733649695 19.4
1733649696 16.3
1733649697 27.2
1733649698 19.4
1733649699 25.1
1733649700 17.7
1733649701 29.5
1733649702 15.8
1733649703 22.8
1733649704 22.9
1733649705 19
1733649706 22.7
1733649707 25.9
1733649708 24.5
1733649709 25.2
1733649710 23.8
1733649711 15.6
1733649712 16.6
1733649713 20.2
1733649714 28.1
1733649715 26.6
1733649716 18.4
1733649717 18
1733649718 23.7
1733649719 15
1733649720 22.9
1733649721 29.5
1733649722 15.5
1733649723 19.2
1733649724 20.5
1733649725 18.8
1733649726 28.8
1733649727 27
1733649728 16
1733649729 18.2
1733649730 22.1
1733649731 18.8
1733649732 22.9
1733649733 28.2
1733649734 16.8
1733649735 15.8
1733649736 17.2
1733649737 29.8
1733649738 17
1733649739 16.9
1733649740 25
1733649741 25.8
1733649742 17.5
1733649743 16.9
1733649744 21.3
1733649745 20.8
1733649746 28.5
1733649747 29.9
1733649748 23.8
1733649749 27.4
1733649750 29.9
1733649751 22
1733649752 17.1
1733649753 15.4
1733649755 16.4
1733649756 22.6
1733649757 24.4
1733649758 15.2
1733649759 19.6
1733649760 25.5
1733649761 23.6
1733649762 16.9
1733649763 19.5
1733649764 21.7
1733649765 15.1
1733649766 21.3
1733649767 22.6
1733649768 17.3
1733649769 26.3
1733649770 29.8
1733649771 24.4
1733649772 21.4
1733649773 25.6
1733649774 17.1
1733649775 23.3
1733649776 22.1
1733649777 28.1
1733649778 27
1733649779 22.1
1733649780 22
1733649781 29.6
1733649782 22
1733649783 19.2
1733649784 16.7
1733649785 27.7
1733649786 25.8
1733649787 29.5
1733649788 22.1
1733649789 16.2
1733649790 19.1
1733649791 22.8
1733649792 24.8
1733649793 26.2
1733649794 27.3
1733649795 16.5
1733649796 26.4
1733649797 23.9
1733649798 29.3
1733649799 18.9
1733649800 20.2
1733649801 29.1
1733649802 28.4
1733649803 26.6
1733649804 15
1733649805 20.7
1733649806 25.1
1733649807 22.1
1733649808 18.9
1733649809 22.1
1733649810 29.2
1733649811 16.1
1733649812 21.7
1733649813 26.5
1733649814 20.3
1733649815 28.6
1733649816 29.4
1733649817 21.3
1733649818 28.1
1733649819 21.5
1733649820 22.5
1733649821 22.4
1733649822 19.6
1733649823 17.3
1733649824 18.7
1733649825 16.9
1733649826 24
1733649827 20.3
1733649828 25.8
1733649829 28.6
1733649830 24.2
1733649831 16.1
1733649832 17.9
1733649833 27.8
1733649834 17.9
1733649835 17.9
1733649836 18.6
1733649837 28.1
1733649838 15.3
1733649839 22.5
1733649840 20.2
1733649841 29.5
1733649842 28.8
1733649843 17.2
1733649844 16.2
1733649845 24.3
1733649846 21
1733649847 15.6
1733649848 15.6
1733649849 24.4
1733649850 27.4
1733649851 23.1
1733649852 16.8
1733649853 17
1733649854 15.6
1733649855 25.7
1733649856 24.1
1733649857 29.8
1733649858 16
1733649859 25.2
1733649860 28.4
1733649861 25.3
1733649862 26.3
1733649863 21.6
1733649864 23.1
1733649865 19.4
1733649866 24.5
1733649867 16.9
1733649868 17.5
1733649869 15
1733649870 29.6
1733649871 28
1733649872 19.8
1733649873 28.4
1733649874 20.4
1733649875 21
1733649876 27.9
1733649877 26.4
1733649878 26.9
1733649879 28.5
1733649880 26
1733649881 24.3
1733649882 26.8
1733649883 27.9
1733649884 16.5
1733649885 27.4
1733649886 23.6
1733649887 25.6
1733649888 27.3
1733649889 24.7
1733649890 20.8
1733649891 15.9
1733649892 25.2
1733649893 22.3
1733649894 22.5
1733649895 23.5
1733649896 26.8
1733649897 22.3
1733649898 25.5
1733649899 19.5
1733649900 22.3
1733649901 15.3
1733649902 17.5
1733649903 27.1
1733649904 19
1733649905 28.1
1733649906 23.4
1733649907 16.9
1733649908 29.8
1733649909 20.3
1733649910 20.7
1733649911 25.8
1733649912 29.6
1733649913 17.5
1733649914 28.9
1733649915 21.3
1733649917 15
1733649918 22.6
1733649919 16.9
1733649920 17.5
1733649921 22.5
1733649922 28
1733649923 23.6
1733649924 22.9
1733649925 25.5
1733649926 21.4
1733649927 16.4
1733649928 22.3
1733649929 28.7
1733649930 17.1
1733649931 17.1
1733649932 26.2
1733649933 22.7
1733649934 24.8
1733649935 28.6
1733649936 26.7
1733649937 23
1733649938 27.2
1733649939 18.8
1733649940 28
1733649941 17.5
1733649942 24.5
1733649943 23.8
1733649944 22.3
1733649945 27.1
1733649946 22.8
1733649947 28.6
1733649948 17.3
1733649949 20.6
1733649950 20.7
1733649951 25
1733649952 18.3
1733649953 18.7
1733649954 18.6
1733649955 26.2
1733649956 29.3
1733649957 15.2
1733649958 17.8
1733649959 26.8
1733649960 28.9
1733649961 25.2
1733649962 19.1
1733649963 15.4
1733649964 17.9
1733649965 29
1733649966 19.2
1733649967 19.8
1733649968 27.2
1733649969 16.4
1733649970 23.6
1733649971 25.2
1733649972 18.9
1733649973 18.2
1733649974 19
1733649975 16.4
1733649976 15.3
1733649977 17
1733649978 20.2
1733649979 22.8
1733649980 22.6
1733649981 25.9
1733649982 17.8
1733649983 16.1
1733649984 19.9
1733649985 26.6
1733649986 27.3
1733649987 24.4
1733649988 26.9
1733649989 20.4
1733649990 21.2
1733649991 16
1733649992 15.6
1733649993 25.4
1733649994 21.6
1733649995 23.7
1733649996 29.6
1733649997 25.8
1733649998 28.5
1733649999 26.8
1733650000 27.2
1733650001 22.1
1733650002 22
1733650003 21.3
1733650004 15.5
1733650005 16.2
1733650006 27.9
1733650007 21
1733650008 23.5
1733650009 18.1
1733650010 28.8
1733650011 21.3
1733650012 19.3
1733650013 21.8
1733650014 22.5
1733650015 24.2
1733650016 23.7
1733650017 25
1733650018 23.8
1733650019 25.8
1733650020 15.4
1733650021 15
1733650022 26.8
1733650023 21.2
1733650024 15.6
1733650025 18.5
1733650026 29.9
1733650027 20.4
1733650028 19.5
1733650029 18.6
1733650030 17.2
1733650031 16.8
1733650032 25.8
1733650033 29.4
1733650034 28.3
1733650035 16.5
1733650036 20.9
1733650037 26.3
1733650038 22.6
1733650039 29.4
1733650040 19.6
1733650041 26.6
1733650042 20.7
1733650043 23.9
1733650044 23.7
1733650045 28.2
1733650046 23.3
1733650047 17.4
1733650048 23.3
1733650049 17.1
1733650050 28.2
1733650051 28.9
1733650052 22.4
1733650053 15.2
1733650054 20.2
1733650055 28.2
1733650056 18.7
1733650057 20.1
1733650058 18.7
1733650059 28.5
1733650060 29
1733650061 26.1
1733650062 20.5
1733650063 24.8
1733650064 25.6
1733650065 18.8
1733650066 16.5
1733650067 21.7
1733650068 20.3
1733650070 29.3
1733650071 21.1
1733650072 25
1733650073 26
1733650074 17
1733650075 24.1
1733650076 19.7
1733650077 15.3
1733650078 22.7
1733650079 27.3
1733650080 28.8
1733650081 24.8
1733650082 25.5
1733650083 27.7
1733650084 22.4
1733650085 25.7
1733650086 23.1
1733650087 20.7
1733650088 19.7
1733650089 18.5
1733650090 29.6
1733650091 18.2
1733650092 17.5
1733650093 25.7
1733650094 23.7
1733650095 17.5
1733650096 26.5
1733650097 17.7
1733650098 19
1733650099 18.2
1733650100 28.3
1733650101 18.4
1733650102 29.5
1733650103 28.5
1733650104 19.6
1733650105 16.6
1733650106 22.6
1733650107 24.3
1733650108 22.1
1733650109 15.3
1733650110 21.6
1733650111 20.9
1733650112 15.4
1733650113 22.3
1733650114 23.8
1733650115 22.8
1733650116 23.2
1733650117 17
1733650118 18.7
1733650119 27.9
1733650120 20.5
1733650121 18.3
1733650122 21.3
1733650123 28.2
1733650124 29.1
1733650125 20.2
1733650126 15.7
1733650127 15.8
1733650128 28.2
1733650129 19.7
1733650130 19.1
1733650131 26.5
1733650132 28.3
1733650133 23.8
1733650134 25
1733650135 17.9
1733650136 25.4
1733650137 22.8
1733650138 27.2
1733650139 17.5
1733650140 23.2
1733650141 24
1733650142 28.6
1733650143 28.8
1733650144 21.5
1733650145 22.5
1733650146 26.8
1733650147 29.8
1733650148 29.7
1733650149 15.6
1733650150 17.9
1733650151 20.2
1733650152 18.9
1733650153 29.5
1733650154 23.6
1733650155 18
1733650156 19.7
1733650157 24.3
1733650158 18.9
1733650159 17.9
1733650160 29
1733650161 28.2
1733650162 29.4
1733650163 27.4
1733650164 22
1733650165 29.6
1733650166 20.5
1733650167 22.7
1733650168 22.5
1733650169 17.8
1733650170 25.2
1733650171 20.9
1733650172 17
1733650173 29.1
1733650174 19.7
1733650175 23.6
1733650176 21.6
1733650177 16.5
1733650178 28.6
1733650179 21.3
1733650180 17.1
1733650181 16.5
1733650182 16.7
1733650183 26.3
1733650184 21.2
1733650185 25.3
1733650186 19.5
1733650187 26
1733650188 19.6
1733650189 28.6
1733650190 19.1
1733650191 23.8
1733650192 26.8
1733650193 23.8
1733650194 26.4
1733650195 24.1
1733650196 23.4
1733650197 17
1733650198 22
1733650199 15.9
1733650200 25
1733650201 22.4
1733650202 21.8
1733650203 17.2
1733650204 21.5
1733650205 26.5
1733650206 16
1733650207 28.1
1733650208 18.3
1733650209 29.6
1733650210 24.6
1733650211 25.6
1733650212 21.4
1733650213 26.3
1733650214 21.9
1733650215 27.6
1733650216 26.8
1733650217 26.5
1733650218 28.8
1733650219 21.6
1733650220 25.1
1733650221 18
1733650222 20.7
1733650223 27.2
1733650224 26.8
1733650225 17.1
1733650226 26.5
1733650227 20.2
1733650228 24.3
1733650229 18.5
1733650230 26.4
1733650231 19.3
1733650232 25.9
1733650233 18.2
1733650234 26.8
1733650235 17.5
1733650236 20
1733650237 27.8
1733650238 15.6
1733650239 23.3
1733650240 17.7
1733650241 15.5
1733650242 24.1
1733650243 24.1
1733650244 17
1733650245 16.1
1733650246 26.9
1733650247 28.9
1733650248 17.8
1733650249 25.8
1733650251 25.7
1733650252 27.9
1733650253 19
1733650254 16.4
1733650255 15.3
1733650256 21
1733650257 23.8
1733650258 26.8
1733650259 16.4
1733650260 18.1
1733650261 15.3
1733650262 27.8
1733650263 27.7
1733650264 26.3
1733650265 16.1
1733650266 24.5
1733650267 19
1733650268 26.3
1733650269 27.5
1733650270 19.6
1733650271 19.6
1733650272 15.2
1733650273 20.1
1733650274 18.9
1733650275 29.5
1733650276 27.4
1733650277 20
1733650278 26.5
1733650279 26.3
1733650280 22.8
1733650281 27.5
1733650282 22
1733650283 26
1733650284 21.7
1733650285 28.7
1733650286 26.3
1733650287 27.7
1733650288 22.5
1733650289 28.4
1733650290 29.1
1733650291 15.8
1733650292 28.7
1733650293 17.2
1733650294 28.5
1733650295 15.2
1733650296 23.5
1733650297 28.2
1733650298 19.2
1733650299 19.8
1733650300 25.8
1733650301 29.1
1733650302 29.6
1733650303 16.2
1733650304 24.4
1733650305 18.5
1733650306 15.8
1733650307 21.8
1733650308 23.6
1733650309 27.3
1733650310 23.3
1733650311 21.6
1733650312 15
1733650313 20.6
1733650314 22.8
1733650315 21.7
1733650316 19.3
1733650317 24.4
1733650318 19.4
1733650319 26.8
1733650320 22.8
1733650321 23.7
1733650322 17.8
1733650323 21.5
1733650324 25.9
1733650325 16.4
1733650326 27
1733650327 19.4
1733650328 19.8
1733650329 16.2
1733650330 24.2
1733650331 20.8
1733650332 20.5
1733650333 29
1733650334 22.1
1733650335 15
1733650336 17.6
1733650337 22.9
1733650338 27
1733650339 26.2
1733650340 25.4
1733650341 20.4
1733650342 23
1733650343 25.4
1733650344 26
1733650345 15.9
1733650346 17.1
1733650347 15.3
1733650348 25.3
1733650349 26.7
1733650350 17.3
1733650351 23.3
1733650352 25.6
1733650353 20.1
1733650354 20
1733650355 26.8
1733650356 26.7
1733650357 17
1733650358 16.2
1733650359 16.6
1733650360 23.5
1733650361 15.7
1733650362 22.4
1733650363 29
1733650364 29.7
1733650365 29.5
1733650366 19.2
1733650367 17.3
1733650368 27.6
1733650369 16.3
1733650370 18.7
1733650371 23
1733650372 26.9
1733650373 17
1733650374 18.4
1733650375 22.9
1733650376 23.1
1733650377 25.7
1733650378 28.4
1733650379 18.4
1733650380 27.6
1733650381 15.7
1733650382 16.9
1733650383 23.3
1733650384 26
1733650385 21.9
1733650386 20.1
1733650387 28
1733650388 24
1733650389 26.5
1733650390 29.6
1733650391 22.7
1733650392 27.2
1733650393 27.2
1733650394 26.9
1733650395 17.2
1733650396 17
1733650397 21.4
1733650398 24.7
1733650399 29.6
1733650400 27.9
1733650401 18.7
1733650402 22.7
1733650403 24.8
1733650404 20.7
1733650405 16.3
1733650406 17.7
1733650407 28.8
1733650408 27.1
1733650409 21.3
1733650410 22.4
1733650411 24.7
1733650412 27.2
1733650413 24.3
1733650414 23.2
1733650415 23.2
1733650416 21.4
1733650417 28.3
1733650418 21.2
1733650419 20.6
1733650420 15.1
1733650421 26
1733650422 28.3
1733650423 27.3
1733650424 28.5
1733650425 15.5
1733650426 19.7
1733650427 15.5
1733650428 21.9
1733650429 29.5
1733650430 20.3
1733650431 19.8
1733650432 23.4
1733650433 18.2
1733650434 29.6
1733650435 29.1
1733650436 19.6
1733650437 22.5
1733650438 18.1
1733650439 21.9
1733650440 19
1733650441 25.5
1733650442 21.8
1733650443 16.2
1733650444 25
1733650445 15.1
1733650446 24.4
1733650447 16.4
1733650448 18.6
1733650449 22.1
1733650450 18.7
1733650451 22.1
1733650452 25.6
1733650453 21.3
1733650454 20.6
1733650455 26.1
1733650456 26
1733650457 26.3
1733650458 18
1733650459 15.7
1733650460 16.7
1733650461 28
1733650462 29.3
1733650463 25.1
1733650464 27.6
1733650465 28.4
1733650466 29.7
1733650467 25.3
1733650468 16.5
1733650469 26.8
1733650470 29.3
1733650471 17.2
1733650472 23.9
1733650473 20.7
1733650474 27.2
1733650475 24
1733650476 15.2
1733650477 18.9
1733650478 17.8
1733650479 26.3
1733650480 26
1733650481 26.8
1733650482 18.4
1733650483 26.8
1733650484 18.1
1733650485 24.1
1733650486 23
1733650487 19.3
1733650488 25.6
1733650489 26
1733650490 25.3
1733650491 27.3
1733650492 24.1
1733650493 24.6
1733650494 22.5
1733650495 26.9
1733650496 28.3
1733650497 27.4
1733650498 27.5
1733650499 29.8
1733650500 29.5
1733650501 17
1733650502 22.3
1733650503 23.4
1733650504 22.8
1733650505 24.7
1733650506 22.6
1733650507 28.2
1733650508 28.6
1733650509 25.4
1733650510 24.5
1733650511 29.8
1733650512 22.2
1733650513 18.1
1733650514 26.7
1733650515 15.5
1733650516 17.4
1733650517 19.7
1733650518 19.9
1733650519 28.1
1733650520 20.9
1733650521 20.4
1733650522 25.4
1733650523 20.2
1733650524 15
1733650525 23.1
1733650526 22.4
1733650527 28.3
1733650528 25.8
1733650529 19.9
1733650530 18.4
1733650531 15.5
1733650532 27.1
1733650533 25.7
1733650534 23.9
1733650535 19.9
1733650536 25.6
1733650537 16.5
1733650538 18.1
1733650539 24.3
1733650540 17.1
1733650541 17.8
1733650542 29.3
1733650543 29.6
1733650544 21
1733650545 16.2
1733650546 15.1
1733650547 23.4
1733650548 26.1
1733650549 20
1733650550 21.5
1733650551 17.1
1733650552 15.6
1733650553 22.2
1733650554 27.5
1733650555 15.7
1733650556 20.5
1733650557 19.9
1733650558 19.2
1733650559 21.5
1733650560 15
1733650561 27.8
1733650562 22
1733650563 27.2
1733650564 23.5
1733650565 15.9
1733650566 17.1
1733650567 24.4
1733650568 22.6
1733650569 25.5
1733650570 18.7
1733650571 24.8
1733650572 28.3
1733650573 23.2
1733650574 24.4
1733650575 24.5
1733650576 24.5
1733650577 24.5
1733650578 18
1733650579 20.6
1733650580 19.8
1733650581 29.7
1733650582 27.9
1733650583 20.4
1733650584 27.1
1733650585 25.5
1733650586 26.3
1733650587 17.7
1733650588 15.4
1733650589 20.8
1733650590 24.2
1733650591 20.7
1733650592 18.6
1733650593 16.3
1733650595 17.9
1733650596 17.4
1733650597 22.4
1733650598 25.2
1733650599 26.8
1733650600 15.1
1733650601 20.7
1733650602 15.5
1733650603 15.1
1733650604 24.3
1733650605 28.9
1733650606 24.5
1733650607 18.8
1733650608 23.4
1733650609 24.2
1733650610 27
1733650611 29.1
1733650612 19.2
1733650613 26.8
1733650614 27
1733650615 29.9
1733650616 23.9
1733650617 27.7
1733650618 16.4
1733650619 16.8
1733650620 18.4
1733650621 22.2
1733650622 26.1
1733650623 24.1
1733650624 25.9
1733650625 17.6
1733650626 17.2
1733650627 28.3
1733650628 25
1733650629 27.4
1733650630 25.1
1733650631 15.3
1733650632 23.4
1733650633 15.8
1733650634 15.4
1733650635 22.9
1733650636 29.7
1733650637 15.1
1733650638 26.7
1733650639 28.4
1733650640 24.4
1733650641 23.8
1733650642 27.5
1733650643 18.8
1733650644 25.8
1733650645 29.7
1733650646 18.7
1733650647 19.7
1733650648 27.5
1733650649 25.4
1733650650 21.6
1733650651 15.9
1733650652 17.6
1733650653 22.9
1733650654 15.2
1733650655 18.7
1733650656 25.5
1733650657 17.4
1733650658 17
1733650659 25.7
1733650660 20
1733650661 17.3
1733650662 26.1
1733650663 18.6
1733650664 18.1
1733650665 26.5
1733650666 26.5
1733650667 23.1
1733650668 26.7
1733650669 28.5
1733650670 21.5
1733650671 26.3
1733650672 22.3
1733650673 24.2
1733650674 20.3
1733650675 23.3
1733650676 29.1
1733650677 29.3
1733650678 18.2
1733650679 16.8
1733650680 24.7
1733650681 15
1733650682 22.9
